{"/Users/craig/Developer/Public/mojo-todomvc-example/app/js/index.js":{"path":"/Users/craig/Developer/Public/mojo-todomvc-example/app/js/index.js","s":{"1":1,"2":1,"3":1,"4":30,"5":30,"6":30,"7":30,"8":30,"9":30,"10":30,"11":30,"12":30,"13":30},"b":{},"f":{"1":30},"fnMap":{"1":{"name":"(anonymous_1)","line":6,"loc":{"start":{"line":6,"column":19},"end":{"line":6,"column":31}}}},"statementMap":{"1":{"start":{"line":1,"column":0},"end":{"line":1,"column":46}},"2":{"start":{"line":3,"column":0},"end":{"line":3,"column":21}},"3":{"start":{"line":5,"column":0},"end":{"line":29,"column":3}},"4":{"start":{"line":9,"column":4},"end":{"line":9,"column":39}},"5":{"start":{"line":10,"column":4},"end":{"line":13,"column":4}},"6":{"start":{"line":13,"column":4},"end":{"line":16,"column":4}},"7":{"start":{"line":16,"column":4},"end":{"line":19,"column":4}},"8":{"start":{"line":19,"column":4},"end":{"line":19,"column":40}},"9":{"start":{"line":22,"column":4},"end":{"line":22,"column":37}},"10":{"start":{"line":24,"column":4},"end":{"line":24,"column":36}},"11":{"start":{"line":25,"column":4},"end":{"line":25,"column":34}},"12":{"start":{"line":26,"column":4},"end":{"line":26,"column":33}},"13":{"start":{"line":27,"column":4},"end":{"line":27,"column":34}}},"branchMap":{}},"/Users/craig/Developer/Public/mojo-todomvc-example/app/js/views/main/footer/index.js":{"path":"/Users/craig/Developer/Public/mojo-todomvc-example/app/js/views/main/footer/index.js","s":{"1":1,"2":1},"b":{},"f":{},"fnMap":{},"statementMap":{"1":{"start":{"line":1,"column":0},"end":{"line":1,"column":34}},"2":{"start":{"line":3,"column":0},"end":{"line":5,"column":3}}},"branchMap":{}},"/Users/craig/Developer/Public/mojo-todomvc-example/app/js/views/main/header/index.js":{"path":"/Users/craig/Developer/Public/mojo-todomvc-example/app/js/views/main/header/index.js","s":{"1":1,"2":1,"3":4,"4":1,"5":3,"6":3},"b":{"1":[1,3]},"f":{"1":4},"fnMap":{"1":{"name":"(anonymous_1)","line":13,"loc":{"start":{"line":13,"column":14},"end":{"line":13,"column":26}}}},"statementMap":{"1":{"start":{"line":1,"column":0},"end":{"line":1,"column":34}},"2":{"start":{"line":3,"column":0},"end":{"line":24,"column":3}},"3":{"start":{"line":16,"column":4},"end":{"line":16,"column":34}},"4":{"start":{"line":16,"column":27},"end":{"line":16,"column":34}},"5":{"start":{"line":19,"column":4},"end":{"line":19,"column":64}},"6":{"start":{"line":22,"column":4},"end":{"line":22,"column":36}}},"branchMap":{"1":{"line":16,"type":"if","locations":[{"start":{"line":16,"column":4},"end":{"line":16,"column":4}},{"start":{"line":16,"column":4},"end":{"line":16,"column":4}}]}}},"/Users/craig/Developer/Public/mojo-todomvc-example/app/js/views/main/todos/todo/index.js":{"path":"/Users/craig/Developer/Public/mojo-todomvc-example/app/js/views/main/todos/todo/index.js","s":{"1":1,"2":1,"3":3,"4":3,"5":6},"b":{"1":[3,3]},"f":{"1":3,"2":6},"fnMap":{"1":{"name":"(anonymous_1)","line":13,"loc":{"start":{"line":13,"column":8},"end":{"line":13,"column":20}}},"2":{"name":"(anonymous_2)","line":21,"loc":{"start":{"line":21,"column":14},"end":{"line":21,"column":31}}}},"statementMap":{"1":{"start":{"line":1,"column":0},"end":{"line":1,"column":34}},"2":{"start":{"line":3,"column":0},"end":{"line":24,"column":3}},"3":{"start":{"line":14,"column":4},"end":{"line":14,"column":27}},"4":{"start":{"line":15,"column":4},"end":{"line":15,"column":29}},"5":{"start":{"line":22,"column":4},"end":{"line":22,"column":60}}},"branchMap":{"1":{"line":22,"type":"cond-expr","locations":[{"start":{"line":22,"column":40},"end":{"line":22,"column":45}},{"start":{"line":22,"column":48},"end":{"line":22,"column":58}}]}}},"/Users/craig/Developer/Public/mojo-todomvc-example/app/js/views/main/todos/index.js":{"path":"/Users/craig/Developer/Public/mojo-todomvc-example/app/js/views/main/todos/index.js","s":{"1":1,"2":1},"b":{},"f":{},"fnMap":{},"statementMap":{"1":{"start":{"line":1,"column":0},"end":{"line":1,"column":34}},"2":{"start":{"line":3,"column":0},"end":{"line":21,"column":3}}},"branchMap":{}},"/Users/craig/Developer/Public/mojo-todomvc-example/app/js/commands/index.js":{"path":"/Users/craig/Developer/Public/mojo-todomvc-example/app/js/commands/index.js","s":{"1":1,"2":30,"3":30},"b":{},"f":{"1":30},"fnMap":{"1":{"name":"(anonymous_1)","line":5,"loc":{"start":{"line":5,"column":17},"end":{"line":5,"column":32}}}},"statementMap":{"1":{"start":{"line":5,"column":0},"end":{"line":8,"column":2}},"2":{"start":{"line":6,"column":2},"end":{"line":6,"column":35}},"3":{"start":{"line":7,"column":2},"end":{"line":7,"column":38}}},"branchMap":{}},"/Users/craig/Developer/Public/mojo-todomvc-example/app/js/commands/load/todos.js":{"path":"/Users/craig/Developer/Public/mojo-todomvc-example/app/js/commands/load/todos.js","s":{"1":1,"2":30,"3":0,"4":0,"5":0},"b":{},"f":{"1":30,"2":0},"fnMap":{"1":{"name":"(anonymous_1)","line":1,"loc":{"start":{"line":1,"column":17},"end":{"line":1,"column":32}}},"2":{"name":"(anonymous_2)","line":2,"loc":{"start":{"line":2,"column":35},"end":{"line":2,"column":60}}}},"statementMap":{"1":{"start":{"line":1,"column":0},"end":{"line":8,"column":0}},"2":{"start":{"line":2,"column":2},"end":{"line":6,"column":5}},"3":{"start":{"line":3,"column":4},"end":{"line":3,"column":43}},"4":{"start":{"line":4,"column":4},"end":{"line":4,"column":35}},"5":{"start":{"line":5,"column":4},"end":{"line":5,"column":21}}},"branchMap":{}},"/Users/craig/Developer/Public/mojo-todomvc-example/app/js/commands/load/mainView.js":{"path":"/Users/craig/Developer/Public/mojo-todomvc-example/app/js/commands/load/mainView.js","s":{"1":1,"2":30,"3":0,"4":0,"5":0,"6":0,"7":0,"8":0},"b":{"1":[0,0]},"f":{"1":30,"2":0},"fnMap":{"1":{"name":"(anonymous_1)","line":1,"loc":{"start":{"line":1,"column":17},"end":{"line":1,"column":32}}},"2":{"name":"(anonymous_2)","line":2,"loc":{"start":{"line":2,"column":36},"end":{"line":2,"column":61}}}},"statementMap":{"1":{"start":{"line":1,"column":0},"end":{"line":17,"column":0}},"2":{"start":{"line":2,"column":2},"end":{"line":15,"column":5}},"3":{"start":{"line":4,"column":4},"end":{"line":4,"column":11}},"4":{"start":{"line":6,"column":4},"end":{"line":6,"column":43}},"5":{"start":{"line":8,"column":4},"end":{"line":8,"column":39}},"6":{"start":{"line":10,"column":4},"end":{"line":10,"column":25}},"7":{"start":{"line":10,"column":18},"end":{"line":10,"column":25}},"8":{"start":{"line":12,"column":4},"end":{"line":14,"column":17}}},"branchMap":{"1":{"line":10,"type":"if","locations":[{"start":{"line":10,"column":4},"end":{"line":10,"column":4}},{"start":{"line":10,"column":4},"end":{"line":10,"column":4}}]}}},"/Users/craig/Developer/Public/mojo-todomvc-example/app/js/models/index.js":{"path":"/Users/craig/Developer/Public/mojo-todomvc-example/app/js/models/index.js","s":{"1":1,"2":30},"b":{},"f":{"1":30},"fnMap":{"1":{"name":"(anonymous_1)","line":6,"loc":{"start":{"line":6,"column":17},"end":{"line":6,"column":32}}}},"statementMap":{"1":{"start":{"line":6,"column":0},"end":{"line":11,"column":2}},"2":{"start":{"line":7,"column":2},"end":{"line":10,"column":5}}},"branchMap":{}},"/Users/craig/Developer/Public/mojo-todomvc-example/app/js/models/todos.js":{"path":"/Users/craig/Developer/Public/mojo-todomvc-example/app/js/models/todos.js","s":{"1":1,"2":1,"3":71,"4":69,"5":110,"6":2,"7":2,"8":2,"9":6,"10":1,"11":2,"12":2,"13":1},"b":{"1":[1,1]},"f":{"1":71,"2":69,"3":110,"4":2,"5":6,"6":1},"fnMap":{"1":{"name":"(anonymous_1)","line":17,"loc":{"start":{"line":17,"column":15},"end":{"line":17,"column":36}}},"2":{"name":"(anonymous_2)","line":18,"loc":{"start":{"line":18,"column":34},"end":{"line":18,"column":47}}},"3":{"name":"(anonymous_3)","line":26,"loc":{"start":{"line":26,"column":15},"end":{"line":26,"column":47}}},"4":{"name":"(anonymous_4)","line":36,"loc":{"start":{"line":36,"column":19},"end":{"line":36,"column":31}}},"5":{"name":"(anonymous_5)","line":39,"loc":{"start":{"line":39,"column":14},"end":{"line":39,"column":30}}},"6":{"name":"(anonymous_6)","line":47,"loc":{"start":{"line":47,"column":18},"end":{"line":47,"column":30}}}},"statementMap":{"1":{"start":{"line":1,"column":0},"end":{"line":2,"column":47}},"2":{"start":{"line":4,"column":0},"end":{"line":60,"column":3}},"3":{"start":{"line":18,"column":10},"end":{"line":20,"column":20}},"4":{"start":{"line":19,"column":12},"end":{"line":19,"column":23}},"5":{"start":{"line":27,"column":10},"end":{"line":27,"column":41}},"6":{"start":{"line":37,"column":4},"end":{"line":37,"column":20}},"7":{"start":{"line":38,"column":4},"end":{"line":38,"column":41}},"8":{"start":{"line":39,"column":4},"end":{"line":41,"column":7}},"9":{"start":{"line":40,"column":6},"end":{"line":40,"column":42}},"10":{"start":{"line":48,"column":4},"end":{"line":53,"column":5}},"11":{"start":{"line":49,"column":6},"end":{"line":49,"column":28}},"12":{"start":{"line":50,"column":6},"end":{"line":52,"column":7}},"13":{"start":{"line":51,"column":8},"end":{"line":51,"column":22}}},"branchMap":{"1":{"line":50,"type":"if","locations":[{"start":{"line":50,"column":6},"end":{"line":50,"column":6}},{"start":{"line":50,"column":6},"end":{"line":50,"column":6}}]}}},"/Users/craig/Developer/Public/mojo-todomvc-example/app/js/models/persist/index.js":{"path":"/Users/craig/Developer/Public/mojo-todomvc-example/app/js/models/persist/index.js","s":{"1":1},"b":{},"f":{},"fnMap":{},"statementMap":{"1":{"start":{"line":1,"column":0},"end":{"line":4,"column":0}}},"branchMap":{}},"/Users/craig/Developer/Public/mojo-todomvc-example/app/js/models/persist/localStorage/index.js":{"path":"/Users/craig/Developer/Public/mojo-todomvc-example/app/js/models/persist/localStorage/index.js","s":{"1":1,"2":1,"3":1,"4":28,"5":28,"6":0,"7":0,"8":0,"9":0,"10":0,"11":1,"12":1,"13":35,"14":35,"15":4,"16":4,"17":4,"18":4,"19":3,"20":3,"21":3,"22":3,"23":0,"24":0,"25":0,"26":0,"27":0,"28":0},"b":{"1":[0,0],"2":[3,0],"3":[0,0]},"f":{"1":1,"2":28,"3":0,"4":0,"5":0,"6":1,"7":35,"8":4,"9":3,"10":3,"11":0,"12":0,"13":0},"fnMap":{"1":{"name":"(anonymous_1)","line":3,"loc":{"start":{"line":3,"column":21},"end":{"line":3,"column":37}}},"2":{"name":"(anonymous_2)","line":5,"loc":{"start":{"line":5,"column":9},"end":{"line":5,"column":31}}},"3":{"name":"(anonymous_3)","line":10,"loc":{"start":{"line":10,"column":12},"end":{"line":10,"column":32}}},"4":{"name":"(anonymous_4)","line":11,"loc":{"start":{"line":11,"column":53},"end":{"line":11,"column":76}}},"5":{"name":"(anonymous_5)","line":13,"loc":{"start":{"line":13,"column":41},"end":{"line":13,"column":56}}},"6":{"name":"(anonymous_6)","line":24,"loc":{"start":{"line":24,"column":16},"end":{"line":24,"column":28}}},"7":{"name":"(anonymous_7)","line":25,"loc":{"start":{"line":25,"column":9},"end":{"line":25,"column":26}}},"8":{"name":"(anonymous_8)","line":30,"loc":{"start":{"line":30,"column":14},"end":{"line":30,"column":34}}},"9":{"name":"(anonymous_9)","line":36,"loc":{"start":{"line":36,"column":14},"end":{"line":36,"column":34}}},"10":{"name":"(anonymous_10)","line":38,"loc":{"start":{"line":38,"column":30},"end":{"line":38,"column":50}}},"11":{"name":"(anonymous_11)","line":43,"loc":{"start":{"line":43,"column":12},"end":{"line":43,"column":32}}},"12":{"name":"(anonymous_12)","line":46,"loc":{"start":{"line":46,"column":11},"end":{"line":46,"column":31}}},"13":{"name":"(anonymous_13)","line":47,"loc":{"start":{"line":47,"column":30},"end":{"line":47,"column":50}}}},"statementMap":{"1":{"start":{"line":1,"column":0},"end":{"line":1,"column":33}},"2":{"start":{"line":3,"column":0},"end":{"line":24,"column":0}},"3":{"start":{"line":5,"column":2},"end":{"line":19,"column":4}},"4":{"start":{"line":7,"column":4},"end":{"line":7,"column":43}},"5":{"start":{"line":9,"column":4},"end":{"line":18,"column":6}},"6":{"start":{"line":11,"column":8},"end":{"line":16,"column":11}},"7":{"start":{"line":12,"column":10},"end":{"line":12,"column":40}},"8":{"start":{"line":12,"column":19},"end":{"line":12,"column":40}},"9":{"start":{"line":13,"column":10},"end":{"line":16,"column":8}},"10":{"start":{"line":14,"column":12},"end":{"line":14,"column":27}},"11":{"start":{"line":24,"column":0},"end":{"line":56,"column":0}},"12":{"start":{"line":25,"column":2},"end":{"line":55,"column":0}},"13":{"start":{"line":27,"column":4},"end":{"line":27,"column":43}},"14":{"start":{"line":29,"column":4},"end":{"line":54,"column":2}},"15":{"start":{"line":31,"column":8},"end":{"line":31,"column":36}},"16":{"start":{"line":32,"column":8},"end":{"line":32,"column":73}},"17":{"start":{"line":33,"column":8},"end":{"line":33,"column":26}},"18":{"start":{"line":34,"column":8},"end":{"line":34,"column":29}},"19":{"start":{"line":37,"column":8},"end":{"line":37,"column":36}},"20":{"start":{"line":38,"column":8},"end":{"line":41,"column":11}},"21":{"start":{"line":39,"column":10},"end":{"line":39,"column":40}},"22":{"start":{"line":39,"column":19},"end":{"line":39,"column":40}},"23":{"start":{"line":40,"column":10},"end":{"line":40,"column":48}},"24":{"start":{"line":44,"column":8},"end":{"line":44,"column":41}},"25":{"start":{"line":47,"column":8},"end":{"line":50,"column":11}},"26":{"start":{"line":48,"column":10},"end":{"line":48,"column":40}},"27":{"start":{"line":48,"column":19},"end":{"line":48,"column":40}},"28":{"start":{"line":49,"column":10},"end":{"line":49,"column":40}}},"branchMap":{"1":{"line":12,"type":"if","locations":[{"start":{"line":12,"column":10},"end":{"line":12,"column":10}},{"start":{"line":12,"column":10},"end":{"line":12,"column":10}}]},"2":{"line":39,"type":"if","locations":[{"start":{"line":39,"column":10},"end":{"line":39,"column":10}},{"start":{"line":39,"column":10},"end":{"line":39,"column":10}}]},"3":{"line":48,"type":"if","locations":[{"start":{"line":48,"column":10},"end":{"line":48,"column":10}},{"start":{"line":48,"column":10},"end":{"line":48,"column":10}}]}}},"/Users/craig/Developer/Public/mojo-todomvc-example/app/js/models/todo.js":{"path":"/Users/craig/Developer/Public/mojo-todomvc-example/app/js/models/todo.js","s":{"1":1,"2":1,"3":9,"4":9,"5":7,"6":9},"b":{"1":[8,1]},"f":{"1":9,"2":7,"3":9},"fnMap":{"1":{"name":"(anonymous_1)","line":9,"loc":{"start":{"line":9,"column":19},"end":{"line":9,"column":36}}},"2":{"name":"(anonymous_2)","line":17,"loc":{"start":{"line":17,"column":15},"end":{"line":17,"column":31}}},"3":{"name":"(anonymous_3)","line":28,"loc":{"start":{"line":28,"column":13},"end":{"line":28,"column":25}}}},"statementMap":{"1":{"start":{"line":1,"column":0},"end":{"line":2,"column":47}},"2":{"start":{"line":4,"column":0},"end":{"line":40,"column":3}},"3":{"start":{"line":10,"column":4},"end":{"line":10,"column":72}},"4":{"start":{"line":11,"column":4},"end":{"line":11,"column":16}},"5":{"start":{"line":18,"column":4},"end":{"line":23,"column":2}},"6":{"start":{"line":29,"column":4},"end":{"line":34,"column":2}}},"branchMap":{"1":{"line":10,"type":"cond-expr","locations":[{"start":{"line":10,"column":45},"end":{"line":10,"column":52}},{"start":{"line":10,"column":55},"end":{"line":10,"column":70}}]}}},"/Users/craig/Developer/Public/mojo-todomvc-example/app/js/views/index.js":{"path":"/Users/craig/Developer/Public/mojo-todomvc-example/app/js/views/index.js","s":{"1":1,"2":30},"b":{},"f":{"1":30},"fnMap":{"1":{"name":"(anonymous_1)","line":5,"loc":{"start":{"line":5,"column":17},"end":{"line":5,"column":32}}}},"statementMap":{"1":{"start":{"line":5,"column":0},"end":{"line":9,"column":2}},"2":{"start":{"line":6,"column":2},"end":{"line":8,"column":5}}},"branchMap":{}},"/Users/craig/Developer/Public/mojo-todomvc-example/app/js/views/main/index.js":{"path":"/Users/craig/Developer/Public/mojo-todomvc-example/app/js/views/main/index.js","s":{"1":1,"2":1},"b":{},"f":{},"fnMap":{},"statementMap":{"1":{"start":{"line":1,"column":0},"end":{"line":2,"column":32}},"2":{"start":{"line":4,"column":0},"end":{"line":19,"column":3}}},"branchMap":{}},"/Users/craig/Developer/Public/mojo-todomvc-example/app/js/routes/index.js":{"path":"/Users/craig/Developer/Public/mojo-todomvc-example/app/js/routes/index.js","s":{"1":1,"2":1,"3":30,"4":1,"5":0,"6":1,"7":1},"b":{},"f":{"1":30,"2":1,"3":0,"4":1,"5":1},"fnMap":{"1":{"name":"(anonymous_1)","line":7,"loc":{"start":{"line":7,"column":17},"end":{"line":7,"column":32}}},"2":{"name":"(anonymous_2)","line":12,"loc":{"start":{"line":12,"column":13},"end":{"line":12,"column":25}}},"3":{"name":"(anonymous_3)","line":13,"loc":{"start":{"line":13,"column":38},"end":{"line":13,"column":50}}},"4":{"name":"(anonymous_4)","line":21,"loc":{"start":{"line":21,"column":13},"end":{"line":21,"column":25}}},"5":{"name":"(anonymous_5)","line":30,"loc":{"start":{"line":30,"column":13},"end":{"line":30,"column":25}}}},"statementMap":{"1":{"start":{"line":1,"column":0},"end":{"line":1,"column":27}},"2":{"start":{"line":7,"column":0},"end":{"line":39,"column":2}},"3":{"start":{"line":9,"column":2},"end":{"line":37,"column":5}},"4":{"start":{"line":13,"column":8},"end":{"line":13,"column":68}},"5":{"start":{"line":13,"column":52},"end":{"line":13,"column":64}},"6":{"start":{"line":22,"column":8},"end":{"line":22,"column":71}},"7":{"start":{"line":31,"column":8},"end":{"line":31,"column":70}}},"branchMap":{}}}