TN:
SF:/Users/craig/Developer/Public/mojo-todomvc-example/app/js/index.js
FN:6,(anonymous_1)
FNF:1
FNH:1
FNDA:30,(anonymous_1)
DA:1,1
DA:3,1
DA:5,1
DA:9,30
DA:10,30
DA:13,30
DA:16,30
DA:19,30
DA:22,30
DA:24,30
DA:25,30
DA:26,30
DA:27,30
LF:13
LH:13
BRF:0
BRH:0
end_of_record
TN:
SF:/Users/craig/Developer/Public/mojo-todomvc-example/app/js/views/main/footer/index.js
FNF:0
FNH:0
DA:1,1
DA:3,1
LF:2
LH:2
BRF:0
BRH:0
end_of_record
TN:
SF:/Users/craig/Developer/Public/mojo-todomvc-example/app/js/views/main/header/index.js
FN:13,(anonymous_1)
FNF:1
FNH:1
FNDA:4,(anonymous_1)
DA:1,1
DA:3,1
DA:16,4
DA:19,3
DA:22,3
LF:5
LH:5
BRDA:16,1,0,1
BRDA:16,1,1,3
BRF:2
BRH:2
end_of_record
TN:
SF:/Users/craig/Developer/Public/mojo-todomvc-example/app/js/views/main/todos/todo/index.js
FN:13,(anonymous_1)
FN:21,(anonymous_2)
FNF:2
FNH:2
FNDA:3,(anonymous_1)
FNDA:6,(anonymous_2)
DA:1,1
DA:3,1
DA:14,3
DA:15,3
DA:22,6
LF:5
LH:5
BRDA:22,1,0,3
BRDA:22,1,1,3
BRF:2
BRH:2
end_of_record
TN:
SF:/Users/craig/Developer/Public/mojo-todomvc-example/app/js/views/main/todos/index.js
FNF:0
FNH:0
DA:1,1
DA:3,1
LF:2
LH:2
BRF:0
BRH:0
end_of_record
TN:
SF:/Users/craig/Developer/Public/mojo-todomvc-example/app/js/commands/index.js
FN:5,(anonymous_1)
FNF:1
FNH:1
FNDA:30,(anonymous_1)
DA:5,1
DA:6,30
DA:7,30
LF:3
LH:3
BRF:0
BRH:0
end_of_record
TN:
SF:/Users/craig/Developer/Public/mojo-todomvc-example/app/js/commands/load/todos.js
FN:1,(anonymous_1)
FN:2,(anonymous_2)
FNF:2
FNH:1
FNDA:30,(anonymous_1)
FNDA:0,(anonymous_2)
DA:1,1
DA:2,30
DA:3,0
DA:4,0
DA:5,0
LF:5
LH:2
BRF:0
BRH:0
end_of_record
TN:
SF:/Users/craig/Developer/Public/mojo-todomvc-example/app/js/commands/load/mainView.js
FN:1,(anonymous_1)
FN:2,(anonymous_2)
FNF:2
FNH:1
FNDA:30,(anonymous_1)
FNDA:0,(anonymous_2)
DA:1,1
DA:2,30
DA:4,0
DA:6,0
DA:8,0
DA:10,0
DA:12,0
LF:7
LH:2
BRDA:10,1,0,0
BRDA:10,1,1,0
BRF:2
BRH:0
end_of_record
TN:
SF:/Users/craig/Developer/Public/mojo-todomvc-example/app/js/models/index.js
FN:6,(anonymous_1)
FNF:1
FNH:1
FNDA:30,(anonymous_1)
DA:6,1
DA:7,30
LF:2
LH:2
BRF:0
BRH:0
end_of_record
TN:
SF:/Users/craig/Developer/Public/mojo-todomvc-example/app/js/models/todos.js
FN:17,(anonymous_1)
FN:18,(anonymous_2)
FN:26,(anonymous_3)
FN:36,(anonymous_4)
FN:39,(anonymous_5)
FN:47,(anonymous_6)
FNF:6
FNH:6
FNDA:71,(anonymous_1)
FNDA:69,(anonymous_2)
FNDA:110,(anonymous_3)
FNDA:2,(anonymous_4)
FNDA:6,(anonymous_5)
FNDA:1,(anonymous_6)
DA:1,1
DA:4,1
DA:18,71
DA:19,69
DA:27,110
DA:37,2
DA:38,2
DA:39,2
DA:40,6
DA:48,1
DA:49,2
DA:50,2
DA:51,1
LF:13
LH:13
BRDA:50,1,0,1
BRDA:50,1,1,1
BRF:2
BRH:2
end_of_record
TN:
SF:/Users/craig/Developer/Public/mojo-todomvc-example/app/js/models/persist/index.js
FNF:0
FNH:0
DA:1,1
LF:1
LH:1
BRF:0
BRH:0
end_of_record
TN:
SF:/Users/craig/Developer/Public/mojo-todomvc-example/app/js/models/persist/localStorage/index.js
FN:3,(anonymous_1)
FN:5,(anonymous_2)
FN:10,(anonymous_3)
FN:11,(anonymous_4)
FN:13,(anonymous_5)
FN:24,(anonymous_6)
FN:25,(anonymous_7)
FN:30,(anonymous_8)
FN:36,(anonymous_9)
FN:38,(anonymous_10)
FN:43,(anonymous_11)
FN:46,(anonymous_12)
FN:47,(anonymous_13)
FNF:13
FNH:7
FNDA:1,(anonymous_1)
FNDA:28,(anonymous_2)
FNDA:0,(anonymous_3)
FNDA:0,(anonymous_4)
FNDA:0,(anonymous_5)
FNDA:1,(anonymous_6)
FNDA:35,(anonymous_7)
FNDA:4,(anonymous_8)
FNDA:3,(anonymous_9)
FNDA:3,(anonymous_10)
FNDA:0,(anonymous_11)
FNDA:0,(anonymous_12)
FNDA:0,(anonymous_13)
DA:1,1
DA:3,1
DA:5,1
DA:7,28
DA:9,28
DA:11,0
DA:12,0
DA:13,0
DA:14,0
DA:24,1
DA:25,1
DA:27,35
DA:29,35
DA:31,4
DA:32,4
DA:33,4
DA:34,4
DA:37,3
DA:38,3
DA:39,3
DA:40,0
DA:44,0
DA:47,0
DA:48,0
DA:49,0
LF:25
LH:16
BRDA:12,1,0,0
BRDA:12,1,1,0
BRDA:39,2,0,3
BRDA:39,2,1,0
BRDA:48,3,0,0
BRDA:48,3,1,0
BRF:6
BRH:1
end_of_record
TN:
SF:/Users/craig/Developer/Public/mojo-todomvc-example/app/js/models/todo.js
FN:9,(anonymous_1)
FN:17,(anonymous_2)
FN:28,(anonymous_3)
FNF:3
FNH:3
FNDA:9,(anonymous_1)
FNDA:7,(anonymous_2)
FNDA:9,(anonymous_3)
DA:1,1
DA:4,1
DA:10,9
DA:11,9
DA:18,7
DA:29,9
LF:6
LH:6
BRDA:10,1,0,8
BRDA:10,1,1,1
BRF:2
BRH:2
end_of_record
TN:
SF:/Users/craig/Developer/Public/mojo-todomvc-example/app/js/views/index.js
FN:5,(anonymous_1)
FNF:1
FNH:1
FNDA:30,(anonymous_1)
DA:5,1
DA:6,30
LF:2
LH:2
BRF:0
BRH:0
end_of_record
TN:
SF:/Users/craig/Developer/Public/mojo-todomvc-example/app/js/views/main/index.js
FNF:0
FNH:0
DA:1,1
DA:4,1
LF:2
LH:2
BRF:0
BRH:0
end_of_record
TN:
SF:/Users/craig/Developer/Public/mojo-todomvc-example/app/js/routes/index.js
FN:7,(anonymous_1)
FN:12,(anonymous_2)
FN:13,(anonymous_3)
FN:21,(anonymous_4)
FN:30,(anonymous_5)
FNF:5
FNH:4
FNDA:30,(anonymous_1)
FNDA:1,(anonymous_2)
FNDA:0,(anonymous_3)
FNDA:1,(anonymous_4)
FNDA:1,(anonymous_5)
DA:1,1
DA:7,1
DA:9,30
DA:13,1
DA:22,1
DA:31,1
LF:6
LH:6
BRF:0
BRH:0
end_of_record
